c:\users\jo\documents\visual studio 2015\projects\vtprotect\vtprotect\x64\debug\vc140.pdb
c:\users\jo\documents\visual studio 2015\projects\vtprotect\vtprotect\x64\debug\vtprotect.obj
c:\users\jo\documents\visual studio 2015\projects\vtprotect\vtprotect\x64\debug\vt.obj
c:\users\jo\documents\visual studio 2015\projects\vtprotect\vtprotect\x64\debug\vmmentry.obj
c:\users\jo\documents\visual studio 2015\projects\vtprotect\vtprotect\x64\debug\processlink.obj
c:\users\jo\documents\visual studio 2015\projects\vtprotect\vtprotect\x64\debug\ssdt.obj
c:\users\jo\documents\visual studio 2015\projects\vtprotect\x64\debug\vtprotect.sys
c:\users\jo\documents\visual studio 2015\projects\vtprotect\x64\debug\vtprotect.pdb
c:\users\jo\documents\visual studio 2015\projects\vtprotect\vtprotect\x64\debug\vtasm.obj
c:\users\jo\documents\visual studio 2015\projects\vtprotect\x64\debug\vtprotect.cer
c:\users\jo\documents\visual studio 2015\projects\vtprotect\vtprotect\x64\debug\vtprotect.tlog\cl.command.1.tlog
c:\users\jo\documents\visual studio 2015\projects\vtprotect\vtprotect\x64\debug\vtprotect.tlog\cl.read.1.tlog
c:\users\jo\documents\visual studio 2015\projects\vtprotect\vtprotect\x64\debug\vtprotect.tlog\cl.write.1.tlog
c:\users\jo\documents\visual studio 2015\projects\vtprotect\vtprotect\x64\debug\vtprotect.tlog\link.command.1.tlog
c:\users\jo\documents\visual studio 2015\projects\vtprotect\vtprotect\x64\debug\vtprotect.tlog\link.read.1.tlog
c:\users\jo\documents\visual studio 2015\projects\vtprotect\vtprotect\x64\debug\vtprotect.tlog\link.write.1.tlog
c:\users\jo\documents\visual studio 2015\projects\vtprotect\vtprotect\x64\debug\vtprotect.tlog\signtool.command.1.tlog
c:\users\jo\documents\visual studio 2015\projects\vtprotect\vtprotect\x64\debug\vtprotect.tlog\signtool.read.1.tlog
c:\users\jo\documents\visual studio 2015\projects\vtprotect\vtprotect\x64\debug\vtprotect.tlog\signtool.timestamp.1.tlog
c:\users\jo\documents\visual studio 2015\projects\vtprotect\vtprotect\x64\debug\vtprotect.tlog\signtool.write.1.tlog
c:\users\jo\documents\visual studio 2015\projects\vtprotect\vtprotect\x64\debug\vtprotect.tlog\vtprotect.write.1u.tlog
